<?xml version="1.0" encoding="UTF-8" ?>
<testsuite errors="0" failures="0" hostname="mumit.bracu.ac.bd" name="cse220.assign2.ArrayListTest" tests="22" time="0.167" timestamp="2012-06-04T05:15:22">
  <properties>
    <property name="env.VERSIONER_PERL_PREFER_32_BIT" value="yes" />
    <property name="java.vendor" value="Apple Inc." />
    <property name="sun.java.launcher" value="SUN_STANDARD" />
    <property name="jikes.class.path" value=":/System/Library/Java/JavaVirtualMachines/1.6.0.jdk/Contents/Home/../Classes/alt-rt.jar:/System/Library/Java/JavaVirtualMachines/1.6.0.jdk/Contents/Home/../Classes/alt-string.jar:/System/Library/Java/JavaVirtualMachines/1.6.0.jdk/Contents/Home/../Classes/charsets.jar:/System/Library/Java/JavaVirtualMachines/1.6.0.jdk/Contents/Home/../Classes/classes.jar:/System/Library/Java/JavaVirtualMachines/1.6.0.jdk/Contents/Home/../Classes/dt.jar:/System/Library/Java/JavaVirtualMachines/1.6.0.jdk/Contents/Home/../Classes/jce.jar:/System/Library/Java/JavaVirtualMachines/1.6.0.jdk/Contents/Home/../Classes/jconsole.jar:/System/Library/Java/JavaVirtualMachines/1.6.0.jdk/Contents/Home/../Classes/jsse.jar:/System/Library/Java/JavaVirtualMachines/1.6.0.jdk/Contents/Home/../Classes/management-agent.jar:/System/Library/Java/JavaVirtualMachines/1.6.0.jdk/Contents/Home/../Classes/ui.jar" />
    <property name="sun.management.compiler" value="HotSpot 64-Bit Tiered Compilers" />
    <property name="os.name" value="Mac OS X" />
    <property name="env.PYTHONPATH" value="/sw/Library/Python/2.5/site-packages" />
    <property name="sun.boot.class.path" value="/System/Library/Java/JavaVirtualMachines/1.6.0.jdk/Contents/Classes/jsfd.jar:/System/Library/Java/JavaVirtualMachines/1.6.0.jdk/Contents/Classes/classes.jar:/System/Library/Frameworks/JavaVM.framework/Frameworks/JavaRuntimeSupport.framework/Resources/Java/JavaRuntimeSupport.jar:/System/Library/Java/JavaVirtualMachines/1.6.0.jdk/Contents/Classes/ui.jar:/System/Library/Java/JavaVirtualMachines/1.6.0.jdk/Contents/Classes/laf.jar:/System/Library/Java/JavaVirtualMachines/1.6.0.jdk/Contents/Classes/sunrsasign.jar:/System/Library/Java/JavaVirtualMachines/1.6.0.jdk/Contents/Classes/jsse.jar:/System/Library/Java/JavaVirtualMachines/1.6.0.jdk/Contents/Classes/jce.jar:/System/Library/Java/JavaVirtualMachines/1.6.0.jdk/Contents/Classes/charsets.jar" />
    <property name="env.TMPDIR" value="/var/folders/F1/F1RHG2vLFzSvd4wGrlsYFk+++TQ/-Tmp-/" />
    <property name="env.PWD" value="/Users/mumit/src/BU/CSE-220/Summer-12/assign2/solution" />
    <property name="env.GDK_USE_XFT" value="1" />
    <property name="env.ftp_proxy" value="http://192.168.1.15:8080/" />
    <property name="java.vm.specification.vendor" value="Sun Microsystems Inc." />
    <property name="ant.home" value="/usr/share/ant" />
    <property name="java.runtime.version" value="1.6.0_31-b04-415-10M3635" />
    <property name="testsuite.dir" value="/Users/mumit/src/BU/CSE-220/Summer-12/assign2/solution/testsuite" />
    <property name="env.Apple_PubSub_Socket_Render" value="/tmp/launch-ZZmuep/Render" />
    <property name="env.DISPLAY" value="/tmp/launch-bjDjdV/org.x:0" />
    <property name="http.proxyPort" value="8080" />
    <property name="user.name" value="mumit" />
    <property name="env.USER" value="mumit" />
    <property name="env.SHELL" value="/bin/bash" />
    <property name="env.__CF_USER_TEXT_ENCODING" value="0x1F7:0:0" />
    <property name="awt.nativeDoubleBuffering" value="true" />
    <property name="env.XDG_DATA_DIRS" value="/sw/share" />
    <property name="build.dir" value="/Users/mumit/src/BU/CSE-220/Summer-12/assign2/solution/bin" />
    <property name="ant.file.type.cse220" value="file" />
    <property name="env.PATH" value="/sw/bin:/sw/sbin:/usr/bin:/bin:/usr/sbin:/sbin:/usr/local/bin:/usr/X11/bin:/Users/mumit/local/bin:/usr/local/bin:/usr/local/mysql5/bin:/usr/local/graphviz-2.12/bin:/usr/X11R6/bin" />
    <property name="user.language" value="en" />
    <property name="sun.boot.library.path" value="/System/Library/Java/JavaVirtualMachines/1.6.0.jdk/Contents/Libraries" />
    <property name="ant.project.default-target" value="compile" />
    <property name="doc.dir" value="/Users/mumit/src/BU/CSE-220/Summer-12/assign2/solution/doc" />
    <property name="ant.project.name" value="cse220" />
    <property name="env.LC_CTYPE" value="UTF-8" />
    <property name="java.version" value="1.6.0_31" />
    <property name="user.timezone" value="" />
    <property name="env.DBUS_SESSION_BUS_ADDRESS" value="unix:path=/tmp/dbus-qIr3onVrLZ,guid=4855d96da6f241c992f12b574fc441a2" />
    <property name="sun.arch.data.model" value="64" />
    <property name="http.nonProxyHosts" value="localhost|*.localhost|local|*.local|169.254/16|*.169.254/16|192.168/16|*.192.168/16|mail.bracu.ac.bd|*.mail.bracu.ac.bd|student.bracu.ac.bd|*.student.bracu.ac.bd|faculty.bracu.ac.bd|*.faculty.bracu.ac.bd|moodle.bracu.ac.bd|*.moodle.bracu.ac.bd|www.bracu.ac.bd|*.www.bracu.ac.bd|crblp.bracu.ac.bd|*.crblp.bracu.ac.bd|library.bracu.ac.bd|*.library.bracu.ac.bd" />
    <property name="java.endorsed.dirs" value="/System/Library/Java/JavaVirtualMachines/1.6.0.jdk/Contents/Home/lib/endorsed" />
    <property name="sun.cpu.isalist" value="" />
    <property name="sun.jnu.encoding" value="MacRoman" />
    <property name="file.encoding.pkg" value="sun.io" />
    <property name="env.SHLVL" value="1" />
    <property name="file.separator" value="/" />
    <property name="java.specification.name" value="Java Platform API Specification" />
    <property name="env.QTDIR" value="/sw/lib/qt3" />
    <property name="java.class.version" value="50.0" />
    <property name="user.country" value="US" />
    <property name="java.home" value="/System/Library/Java/JavaVirtualMachines/1.6.0.jdk/Contents/Home" />
    <property name="java.vm.info" value="mixed mode" />
    <property name="env.FTP_PROXY" value="http://192.168.1.15:8080/" />
    <property name="env.XML_CATALOG_FILES" value="/sw/etc/xml/catalog" />
    <property name="env.LOGNAME" value="mumit" />
    <property name="ant.file" value="/Users/mumit/src/BU/CSE-220/Summer-12/assign2/solution/build.xml" />
    <property name="os.version" value="10.6.8" />
    <property name="env.TERM_PROGRAM_VERSION" value="273.1" />
    <property name="ftp.proxyHost" value="proxy.bracu.ac.bd" />
    <property name="path.separator" value=":" />
    <property name="java.vm.version" value="20.6-b01-415" />
    <property name="ant.library.dir" value="/usr/share/ant/lib" />
    <property name="junit.output.dir" value="junit" />
    <property name="env.https_proxy" value="http://192.168.1.15:8080/" />
    <property name="java.awt.printerjob" value="apple.awt.CPrinterJob" />
    <property name="env.TERM" value="xterm-color" />
    <property name="sun.io.unicode.encoding" value="UnicodeLittle" />
    <property name="awt.toolkit" value="apple.awt.CToolkit" />
    <property name="socksNonProxyHosts" value="localhost|*.localhost|local|*.local|169.254/16|*.169.254/16|192.168/16|*.192.168/16|mail.bracu.ac.bd|*.mail.bracu.ac.bd|student.bracu.ac.bd|*.student.bracu.ac.bd|faculty.bracu.ac.bd|*.faculty.bracu.ac.bd|moodle.bracu.ac.bd|*.moodle.bracu.ac.bd|www.bracu.ac.bd|*.www.bracu.ac.bd|crblp.bracu.ac.bd|*.crblp.bracu.ac.bd|library.bracu.ac.bd|*.library.bracu.ac.bd" />
    <property name="ftp.nonProxyHosts" value="localhost|*.localhost|local|*.local|169.254/16|*.169.254/16|192.168/16|*.192.168/16|mail.bracu.ac.bd|*.mail.bracu.ac.bd|student.bracu.ac.bd|*.student.bracu.ac.bd|faculty.bracu.ac.bd|*.faculty.bracu.ac.bd|moodle.bracu.ac.bd|*.moodle.bracu.ac.bd|www.bracu.ac.bd|*.www.bracu.ac.bd|crblp.bracu.ac.bd|*.crblp.bracu.ac.bd|library.bracu.ac.bd|*.library.bracu.ac.bd" />
    <property name="env.MANPATH" value="/sw/share/man::/Users/mumit/local/perl/man:/sw/lib/perl5/5.10.0/man:/usr/X11R6/man:/sw/lib/perl5-core/5.8.6/man:/sw/lib/perl5/5.8.6/man:/sw/lib/perl5-core/5.8.8/man:/sw/lib/perl5/5.8.8/man" />
    <property name="env.FTP_PASSIVE" value="1" />
    <property name="user.home" value="/Users/mumit" />
    <property name="env.CLASSPATH" value="/sw/share/java/svn-javahl/svn-javahl.jar:." />
    <property name="java.specification.vendor" value="Sun Microsystems Inc." />
    <property name="env.TERM_PROGRAM" value="Apple_Terminal" />
    <property name="env.http_proxy" value="http://192.168.1.15:8080/" />
    <property name="java.library.path" value=".:/Library/Java/Extensions:/System/Library/Java/Extensions:/usr/lib/java" />
    <property name="java.vendor.url" value="http://www.apple.com/" />
    <property name="env.NLTK_DATA" value="/usr/share/nltk" />
    <property name="gopherProxySet" value="false" />
    <property name="java.vm.vendor" value="Apple Inc." />
    <property name="java.runtime.name" value="Java(TM) SE Runtime Environment" />
    <property name="ant.version" value="Apache Ant(TM) version 1.8.2 compiled on November 19 2011" />
    <property name="sun.java.command" value="org.apache.tools.ant.taskdefs.optional.junit.JUnitTestRunner cse220.assign2.ArrayListTest filtertrace=true haltOnError=false haltOnFailure=false formatter=org.apache.tools.ant.taskdefs.optional.junit.OutErrSummaryJUnitResultFormatter showoutput=true outputtoformatters=true logfailedtests=true logtestlistenerevents=false formatter=org.apache.tools.ant.taskdefs.optional.junit.XMLJUnitResultFormatter,/Users/mumit/src/BU/CSE-220/Summer-12/assign2/solution/junit/TEST-cse220.assign2.ArrayListTest.xml crashfile=/Users/mumit/src/BU/CSE-220/Summer-12/assign2/solution/junitvmwatcher4929652912101521871.properties propsfile=/Users/mumit/src/BU/CSE-220/Summer-12/assign2/solution/junit3369461811156663131.properties" />
    <property name="java.class.path" value="/Users/mumit/src/BU/CSE-220/Summer-12/assign2/solution/bin:/sw/share/java/svn-javahl/svn-javahl.jar:/Users/mumit/src/BU/CSE-220/Summer-12/assign2/solution:/Users/mumit/.ant/lib/junit-3.8.1.jar:/usr/share/java/ant-1.8.2/lib/ant-launcher.jar:/usr/share/ant/lib/ant.jar:/usr/share/ant/lib/ant-junit.jar:/usr/share/ant/lib/ant-junit4.jar" />
    <property name="env.com.apple.java.jvmMode" value="client" />
    <property name="env.CVS_RSH" value="ssh" />
    <property name="java.vm.specification.name" value="Java Virtual Machine Specification" />
    <property name="ant.file.type" value="file" />
    <property name="java.vm.specification.version" value="1.0" />
    <property name="sun.cpu.endian" value="little" />
    <property name="sun.os.patch.level" value="unknown" />
    <property name="env.HOME" value="/Users/mumit" />
    <property name="java.io.tmpdir" value="/var/folders/F1/F1RHG2vLFzSvd4wGrlsYFk+++TQ/-Tmp-/" />
    <property name="java.vendor.url.bug" value="http://bugreport.apple.com/" />
    <property name="env.SSH_AUTH_SOCK" value="/tmp/launch-H44MOo/Listeners" />
    <property name="env.COMMAND_MODE" value="unix2003" />
    <property name="http.proxyHost" value="192.168.1.15" />
    <property name="env.XDG_CONFIG_HOME" value="/Users/mumit/.config" />
    <property name="mrj.build" value="10M3635" />
    <property name="java.awt.graphicsenv" value="apple.awt.CGraphicsEnvironment" />
    <property name="os.arch" value="x86_64" />
    <property name="java.ext.dirs" value="/Library/Java/Extensions:/System/Library/Java/Extensions:/System/Library/Java/JavaVirtualMachines/1.6.0.jdk/Contents/Home/lib/ext" />
    <property name="env.PERL5LIB" value="/sw/lib/perl5:/sw/lib/perl5/darwin:/Users/mumit/local/perl/lib" />
    <property name="ftp.proxyPort" value="8080" />
    <property name="user.dir" value="/Users/mumit/src/BU/CSE-220/Summer-12/assign2/solution" />
    <property name="env.com.apple.java.jvmTask" value="CommandLine_Manual.java" />
    <property name="env.ac_cv_path_INTLTOOL_PERL" value="/usr/bin/perl" />
    <property name="mrj.version" value="1060.1.6.0_31-415" />
    <property name="env.XAPPLRESDIR" value="/sw/etc/app-defaults/" />
    <property name="env.INFOPATH" value="/sw/share/info:/sw/info:/usr/share/info" />
    <property name="line.separator" value="&#xa;" />
    <property name="java.vm.name" value="Java HotSpot(TM) 64-Bit Server VM" />
    <property name="basedir" value="/Users/mumit/src/BU/CSE-220/Summer-12/assign2/solution" />
    <property name="ant.java.version" value="1.6" />
    <property name="env.SGML_CATALOG_FILES" value="/sw/etc/sgml/catalog" />
    <property name="ant.file.cse220" value="/Users/mumit/src/BU/CSE-220/Summer-12/assign2/solution/build.xml" />
    <property name="env.LADSPA_PATH" value="/sw/lib/ladspa" />
    <property name="ant.core.lib" value="/usr/share/ant/lib/ant.jar" />
    <property name="env.XDG_CACHE_HOME" value="/Users/mumit/.cache" />
    <property name="file.encoding" value="MacRoman" />
    <property name="env.JAVA_MAIN_CLASS_45287" value="org.apache.tools.ant.launch.Launcher" />
    <property name="java.specification.version" value="1.6" />
    <property name="src.dir" value="/Users/mumit/src/BU/CSE-220/Summer-12/assign2/solution/src" />
    <property name="env.XDG_CONFIG_DIRS" value="/sw/etc/xdg" />
    <property name="ant.project.invoked-targets" value="run-tests" />
    <property name="env.HTTP_PROXY" value="http://192.168.1.15:8080/" />
    <property name="env.XDG_DATA_HOME" value="/Users/mumit/.local/share" />
  </properties>
  <testcase classname="cse220.assign2.ArrayListTest" name="testArrayList" time="0.0030" />
  <testcase classname="cse220.assign2.ArrayListTest" name="testArrayIntList" time="0.0" />
  <testcase classname="cse220.assign2.ArrayListTest" name="testSize" time="0.0" />
  <testcase classname="cse220.assign2.ArrayListTest" name="testIsEmpty" time="0.0010" />
  <testcase classname="cse220.assign2.ArrayListTest" name="testContains" time="0.0010" />
  <testcase classname="cse220.assign2.ArrayListTest" name="testIndexOf" time="0.0" />
  <testcase classname="cse220.assign2.ArrayListTest" name="testLastIndexOf" time="0.0" />
  <testcase classname="cse220.assign2.ArrayListTest" name="testAddObject" time="0.0010" />
  <testcase classname="cse220.assign2.ArrayListTest" name="testAddIntObject" time="0.0" />
  <testcase classname="cse220.assign2.ArrayListTest" name="testAddAll" time="0.0" />
  <testcase classname="cse220.assign2.ArrayListTest" name="testRemoveInt" time="0.0" />
  <testcase classname="cse220.assign2.ArrayListTest" name="testRemoveObject" time="0.0" />
  <testcase classname="cse220.assign2.ArrayListTest" name="testClear" time="0.0010" />
  <testcase classname="cse220.assign2.ArrayListTest" name="testGet" time="0.0010" />
  <testcase classname="cse220.assign2.ArrayListTest" name="testSet" time="0.0" />
  <testcase classname="cse220.assign2.ArrayListTest" name="testReverse" time="0.0010" />
  <testcase classname="cse220.assign2.ArrayListTest" name="testShiftRight" time="0.0" />
  <testcase classname="cse220.assign2.ArrayListTest" name="testShiftLeft" time="0.0" />
  <testcase classname="cse220.assign2.ArrayListTest" name="testCopy" time="0.0" />
  <testcase classname="cse220.assign2.ArrayListTest" name="testToString" time="0.0" />
  <testcase classname="cse220.assign2.ArrayListTest" name="testToArray" time="0.0" />
  <testcase classname="cse220.assign2.ArrayListTest" name="testEqualsObject" time="0.0" />
  <system-out><![CDATA[]]></system-out>
  <system-err><![CDATA[]]></system-err>
</testsuite>
